<?xml version="1.0" encoding="UTF-8"?>
<robot generator="Robot 5.0 (Python 3.10.4 on win32)" generated="20220512 11:30:11.791" rpa="false" schemaversion="3">
<suite id="s1" name="Verify Valid Credential Suite" source="C:\Users\Sakthivel\Desktop\LT6\Amazon\Login_suite\verify_valid_credential_suite.robot">
<test id="s1-t1" name="TC2" line="11">
<kw name="launch browser" library="CommonFunctionality_resource" type="SETUP">
<kw name="Append To Environment Variable" library="OperatingSystem">
<arg>path</arg>
<arg>${EXECDIR}${/}Driver</arg>
<doc>Appends given ``values`` to environment variable ``name``.</doc>
<msg timestamp="20220512 11:30:12.498" level="INFO">Environment variable 'path' set to value 'C:\Program Files\Common Files\Oracle\Java\javapath;C:\windows\system32;C:\windows;C:\windows\System32\Wbem;C:\windows\System32\WindowsPowerShell\v1.0\;C:\windows\System32\OpenSSH\;C:\Program Files (x86)\NVIDIA Corporation\PhysX\Common;C:\Program Files\NVIDIA Corporation\NVIDIA NvDLISR;C:\Program Files\Git\cmd;C:\Users\Sakthivel;C:\Users\Sakthivel\Scripts\;C:\Users\Sakthivel\;C:\Users\Sakthivel\AppData\Local\Microsoft\WindowsApps;;C:\Users\Sakthivel\AppData\Local\Programs\Microsoft VS Code\bin;C:\Program Files\JetBrains\PyCharm Community Edition 2021.3.3\pycharm\PyCharm Community Edition 2021.3.3\bin;;C:\Users\Sakthivel\Desktop\LT6\Amazon\Driver'.</msg>
<status status="PASS" starttime="20220512 11:30:12.497" endtime="20220512 11:30:12.498"/>
</kw>
<kw name="Open Browser" library="SeleniumLibrary">
<arg>browser=${BROWSER}</arg>
<doc>Opens a new browser instance to the optional ``url``.</doc>
<msg timestamp="20220512 11:30:12.498" level="INFO">Opening browser 'chrome' to base url 'None'.</msg>
<status status="PASS" starttime="20220512 11:30:12.498" endtime="20220512 11:30:13.555"/>
</kw>
<kw name="Maximize Browser Window" library="SeleniumLibrary">
<doc>Maximizes current browser window.</doc>
<status status="PASS" starttime="20220512 11:30:13.555" endtime="20220512 11:30:13.688"/>
</kw>
<kw name="Set Selenium Implicit Wait" library="SeleniumLibrary">
<arg>30s</arg>
<doc>Sets the implicit wait value used by Selenium.</doc>
<status status="PASS" starttime="20220512 11:30:13.689" endtime="20220512 11:30:13.692"/>
</kw>
<kw name="Set Screenshot Directory" library="SeleniumLibrary">
<arg>${EXECDIR}${/}screenshot</arg>
<doc>Sets the directory for captured screenshots.</doc>
<status status="PASS" starttime="20220512 11:30:13.692" endtime="20220512 11:30:13.693"/>
</kw>
<kw name="Go To" library="SeleniumLibrary">
<arg>url=${URL}</arg>
<doc>Navigates the current browser window to the provided ``url``.</doc>
<msg timestamp="20220512 11:30:13.694" level="INFO">Opening url 'https://www.amazon.in/'</msg>
<status status="PASS" starttime="20220512 11:30:13.693" endtime="20220512 11:30:43.841"/>
</kw>
<kw name="Click Element" library="SeleniumLibrary">
<arg>//span[text()='Hello, Sign in']</arg>
<doc>Click the element identified by ``locator``.</doc>
<msg timestamp="20220512 11:30:43.842" level="INFO">Clicking element '//span[text()='Hello, Sign in']'.</msg>
<status status="PASS" starttime="20220512 11:30:43.841" endtime="20220512 11:30:52.065"/>
</kw>
<status status="PASS" starttime="20220512 11:30:12.497" endtime="20220512 11:30:52.066"/>
</kw>
<kw name="valid credential template">
<arg>916383837071</arg>
<arg>Nk123456@</arg>
<arg>//span[text()='For your security, approve the notification sent to:']</arg>
<arg>For your security, approve the notification sent to:</arg>
<kw name="Input Text" library="SeleniumLibrary">
<arg>id=ap_email</arg>
<arg>${phone_number}</arg>
<doc>Types the given ``text`` into the text field identified by ``locator``.</doc>
<msg timestamp="20220512 11:30:52.067" level="INFO">Typing text '916383837071' into text field 'id=ap_email'.</msg>
<status status="PASS" starttime="20220512 11:30:52.066" endtime="20220512 11:30:52.121"/>
</kw>
<kw name="Click Element" library="SeleniumLibrary">
<arg>id=continue</arg>
<doc>Click the element identified by ``locator``.</doc>
<msg timestamp="20220512 11:30:52.122" level="INFO">Clicking element 'id=continue'.</msg>
<status status="PASS" starttime="20220512 11:30:52.121" endtime="20220512 11:30:57.877"/>
</kw>
<kw name="Input Password" library="SeleniumLibrary">
<arg>id=ap_password</arg>
<arg>${password}</arg>
<doc>Types the given password into the text field identified by ``locator``.</doc>
<msg timestamp="20220512 11:30:57.878" level="INFO">Typing password into text field 'id=ap_password'.</msg>
<msg timestamp="20220512 11:30:57.901" level="INFO">Temporally setting log level to: NONE</msg>
<msg timestamp="20220512 11:30:57.921" level="INFO">Log level changed from NONE to INFO.</msg>
<status status="PASS" starttime="20220512 11:30:57.877" endtime="20220512 11:30:57.921"/>
</kw>
<kw name="Click Element" library="SeleniumLibrary">
<arg>id=signInSubmit</arg>
<doc>Click the element identified by ``locator``.</doc>
<msg timestamp="20220512 11:30:57.921" level="INFO">Clicking element 'id=signInSubmit'.</msg>
<status status="PASS" starttime="20220512 11:30:57.921" endtime="20220512 11:30:57.966"/>
</kw>
<kw name="Element Should Contain" library="SeleniumLibrary">
<arg>xpath=${xpath}</arg>
<arg>${excepted}</arg>
<doc>Verifies that element ``locator`` contains text ``expected``.</doc>
<msg timestamp="20220512 11:31:35.382" level="INFO" html="true">&lt;/td&gt;&lt;/tr&gt;&lt;tr&gt;&lt;td colspan="3"&gt;&lt;a href="screenshot/selenium-screenshot-26.png"&gt;&lt;img src="screenshot/selenium-screenshot-26.png" width="800px"&gt;&lt;/a&gt;</msg>
<msg timestamp="20220512 11:31:35.383" level="FAIL">Element with locator 'xpath=//span[text()='For your security, approve the notification sent to:']' not found.</msg>
<status status="FAIL" starttime="20220512 11:30:57.966" endtime="20220512 11:31:35.388"/>
</kw>
<kw name="Sleep" library="BuiltIn">
<arg>30s</arg>
<doc>Pauses the test executed for the given time.</doc>
<status status="NOT RUN" starttime="20220512 11:31:35.388" endtime="20220512 11:31:35.388"/>
</kw>
<kw name="Element Should Contain" library="SeleniumLibrary">
<arg>xpath=${welcomepage_xpath}</arg>
<arg>${excepted_outcome}</arg>
<doc>Verifies that element ``locator`` contains text ``expected``.</doc>
<status status="NOT RUN" starttime="20220512 11:31:35.388" endtime="20220512 11:31:35.388"/>
</kw>
<status status="FAIL" starttime="20220512 11:30:52.066" endtime="20220512 11:31:35.389"/>
</kw>
<status status="FAIL" starttime="20220512 11:30:12.495" endtime="20220512 11:31:35.389">Element with locator 'xpath=//span[text()='For your security, approve the notification sent to:']' not found.</status>
</test>
<test id="s1-t2" name="TC2" line="11">
<kw name="launch browser" library="CommonFunctionality_resource" type="SETUP">
<kw name="Append To Environment Variable" library="OperatingSystem">
<arg>path</arg>
<arg>${EXECDIR}${/}Driver</arg>
<doc>Appends given ``values`` to environment variable ``name``.</doc>
<msg timestamp="20220512 11:31:35.391" level="INFO">Environment variable 'path' set to value 'C:\Program Files\Common Files\Oracle\Java\javapath;C:\windows\system32;C:\windows;C:\windows\System32\Wbem;C:\windows\System32\WindowsPowerShell\v1.0\;C:\windows\System32\OpenSSH\;C:\Program Files (x86)\NVIDIA Corporation\PhysX\Common;C:\Program Files\NVIDIA Corporation\NVIDIA NvDLISR;C:\Program Files\Git\cmd;C:\Users\Sakthivel;C:\Users\Sakthivel\Scripts\;C:\Users\Sakthivel\;C:\Users\Sakthivel\AppData\Local\Microsoft\WindowsApps;;C:\Users\Sakthivel\AppData\Local\Programs\Microsoft VS Code\bin;C:\Program Files\JetBrains\PyCharm Community Edition 2021.3.3\pycharm\PyCharm Community Edition 2021.3.3\bin;;C:\Users\Sakthivel\Desktop\LT6\Amazon\Driver;C:\Users\Sakthivel\Desktop\LT6\Amazon\Driver'.</msg>
<status status="PASS" starttime="20220512 11:31:35.391" endtime="20220512 11:31:35.391"/>
</kw>
<kw name="Open Browser" library="SeleniumLibrary">
<arg>browser=${BROWSER}</arg>
<doc>Opens a new browser instance to the optional ``url``.</doc>
<msg timestamp="20220512 11:31:35.391" level="INFO">Opening browser 'chrome' to base url 'None'.</msg>
<status status="PASS" starttime="20220512 11:31:35.391" endtime="20220512 11:31:36.370"/>
</kw>
<kw name="Maximize Browser Window" library="SeleniumLibrary">
<doc>Maximizes current browser window.</doc>
<status status="PASS" starttime="20220512 11:31:36.370" endtime="20220512 11:31:36.484"/>
</kw>
<kw name="Set Selenium Implicit Wait" library="SeleniumLibrary">
<arg>30s</arg>
<doc>Sets the implicit wait value used by Selenium.</doc>
<status status="PASS" starttime="20220512 11:31:36.485" endtime="20220512 11:31:36.486"/>
</kw>
<kw name="Set Screenshot Directory" library="SeleniumLibrary">
<arg>${EXECDIR}${/}screenshot</arg>
<doc>Sets the directory for captured screenshots.</doc>
<status status="PASS" starttime="20220512 11:31:36.486" endtime="20220512 11:31:36.487"/>
</kw>
<kw name="Go To" library="SeleniumLibrary">
<arg>url=${URL}</arg>
<doc>Navigates the current browser window to the provided ``url``.</doc>
<msg timestamp="20220512 11:31:36.487" level="INFO">Opening url 'https://www.amazon.in/'</msg>
<status status="PASS" starttime="20220512 11:31:36.487" endtime="20220512 11:32:00.736"/>
</kw>
<kw name="Click Element" library="SeleniumLibrary">
<arg>//span[text()='Hello, Sign in']</arg>
<doc>Click the element identified by ``locator``.</doc>
<msg timestamp="20220512 11:32:00.736" level="INFO">Clicking element '//span[text()='Hello, Sign in']'.</msg>
<status status="PASS" starttime="20220512 11:32:00.736" endtime="20220512 11:32:01.858"/>
</kw>
<status status="PASS" starttime="20220512 11:31:35.390" endtime="20220512 11:32:01.858"/>
</kw>
<kw name="valid credential template">
<arg>manojkumarparthibanvisa@gmail.com</arg>
<arg>Sakthivel@14</arg>
<arg>//span[text()='For your security, approve the notification sent to:']</arg>
<arg>For your security, approve the notification sent to:</arg>
<arg>//span[@id='nav-link-accountList-nav-line-1']</arg>
<arg>Hello, Manoj</arg>
<kw name="Input Text" library="SeleniumLibrary">
<arg>id=ap_email</arg>
<arg>${phone_number}</arg>
<doc>Types the given ``text`` into the text field identified by ``locator``.</doc>
<msg timestamp="20220512 11:32:01.859" level="INFO">Typing text 'manojkumarparthibanvisa@gmail.com' into text field 'id=ap_email'.</msg>
<status status="PASS" starttime="20220512 11:32:01.859" endtime="20220512 11:32:01.972"/>
</kw>
<kw name="Click Element" library="SeleniumLibrary">
<arg>id=continue</arg>
<doc>Click the element identified by ``locator``.</doc>
<msg timestamp="20220512 11:32:01.973" level="INFO">Clicking element 'id=continue'.</msg>
<status status="PASS" starttime="20220512 11:32:01.973" endtime="20220512 11:32:02.800"/>
</kw>
<kw name="Input Password" library="SeleniumLibrary">
<arg>id=ap_password</arg>
<arg>${password}</arg>
<doc>Types the given password into the text field identified by ``locator``.</doc>
<msg timestamp="20220512 11:32:02.800" level="INFO">Typing password into text field 'id=ap_password'.</msg>
<msg timestamp="20220512 11:32:02.836" level="INFO">Temporally setting log level to: NONE</msg>
<msg timestamp="20220512 11:32:02.858" level="INFO">Log level changed from NONE to INFO.</msg>
<status status="PASS" starttime="20220512 11:32:02.800" endtime="20220512 11:32:02.858"/>
</kw>
<kw name="Click Element" library="SeleniumLibrary">
<arg>id=signInSubmit</arg>
<doc>Click the element identified by ``locator``.</doc>
<msg timestamp="20220512 11:32:02.859" level="INFO">Clicking element 'id=signInSubmit'.</msg>
<status status="PASS" starttime="20220512 11:32:02.859" endtime="20220512 11:32:02.902"/>
</kw>
<kw name="Element Should Contain" library="SeleniumLibrary">
<arg>xpath=${xpath}</arg>
<arg>${excepted}</arg>
<doc>Verifies that element ``locator`` contains text ``expected``.</doc>
<msg timestamp="20220512 11:32:33.240" level="INFO" html="true">&lt;/td&gt;&lt;/tr&gt;&lt;tr&gt;&lt;td colspan="3"&gt;&lt;a href="screenshot/selenium-screenshot-27.png"&gt;&lt;img src="screenshot/selenium-screenshot-27.png" width="800px"&gt;&lt;/a&gt;</msg>
<msg timestamp="20220512 11:32:33.241" level="FAIL">Element with locator 'xpath=//span[text()='For your security, approve the notification sent to:']' not found.</msg>
<status status="FAIL" starttime="20220512 11:32:02.903" endtime="20220512 11:32:33.241"/>
</kw>
<kw name="Sleep" library="BuiltIn">
<arg>30s</arg>
<doc>Pauses the test executed for the given time.</doc>
<status status="NOT RUN" starttime="20220512 11:32:33.241" endtime="20220512 11:32:33.241"/>
</kw>
<kw name="Element Should Contain" library="SeleniumLibrary">
<arg>xpath=${welcomepage_xpath}</arg>
<arg>${excepted_outcome}</arg>
<doc>Verifies that element ``locator`` contains text ``expected``.</doc>
<status status="NOT RUN" starttime="20220512 11:32:33.241" endtime="20220512 11:32:33.241"/>
</kw>
<status status="FAIL" starttime="20220512 11:32:01.858" endtime="20220512 11:32:33.242"/>
</kw>
<status status="FAIL" starttime="20220512 11:31:35.390" endtime="20220512 11:32:33.242">Element with locator 'xpath=//span[text()='For your security, approve the notification sent to:']' not found.</status>
</test>
<doc>this suite will handle valid credential</doc>
<status status="FAIL" starttime="20220512 11:30:11.793" endtime="20220512 11:32:33.243"/>
</suite>
<statistics>
<total>
<stat pass="0" fail="2" skip="0">All Tests</stat>
</total>
<tag>
</tag>
<suite>
<stat pass="0" fail="2" skip="0" id="s1" name="Verify Valid Credential Suite">Verify Valid Credential Suite</stat>
</suite>
</statistics>
<errors>
<msg timestamp="20220512 11:31:35.390" level="WARN">Multiple tests with name 'TC2' executed in suite 'Verify Valid Credential Suite'.</msg>
</errors>
</robot>
