<?xml version="1.0" encoding="UTF-8"?>
<robot generator="Robot 5.0 (Python 3.10.4 on win32)" generated="20220511 14:36:27.836" rpa="false" schemaversion="3">
<suite id="s1" name="Verify Valid Register Suite" source="C:\Users\Sakthivel\Desktop\LT6\Amazon\registers_suite\verify_valid_register_suite.robot">
<test id="s1-t1" name="register credential template" line="10">
<kw name="launch browser" library="CommonFunctionality_resource" type="SETUP">
<kw name="Append To Environment Variable" library="OperatingSystem">
<arg>path</arg>
<arg>${EXECDIR}${/}Driver</arg>
<doc>Appends given ``values`` to environment variable ``name``.</doc>
<msg timestamp="20220511 14:36:28.183" level="INFO">Environment variable 'path' set to value 'C:\Program Files\Common Files\Oracle\Java\javapath;C:\windows\system32;C:\windows;C:\windows\System32\Wbem;C:\windows\System32\WindowsPowerShell\v1.0\;C:\windows\System32\OpenSSH\;C:\Program Files (x86)\NVIDIA Corporation\PhysX\Common;C:\Program Files\NVIDIA Corporation\NVIDIA NvDLISR;C:\Program Files\Git\cmd;C:\Users\Sakthivel;C:\Users\Sakthivel\Scripts\;C:\Users\Sakthivel\;C:\Users\Sakthivel\AppData\Local\Microsoft\WindowsApps;;C:\Users\Sakthivel\AppData\Local\Programs\Microsoft VS Code\bin;C:\Program Files\JetBrains\PyCharm Community Edition 2021.3.3\pycharm\PyCharm Community Edition 2021.3.3\bin;;C:\Users\Sakthivel\Desktop\LT6\Amazon\Driver'.</msg>
<status status="PASS" starttime="20220511 14:36:28.183" endtime="20220511 14:36:28.183"/>
</kw>
<kw name="Open Browser" library="SeleniumLibrary">
<arg>browser=${BROWSER}</arg>
<doc>Opens a new browser instance to the optional ``url``.</doc>
<msg timestamp="20220511 14:36:28.183" level="INFO">Opening browser 'chrome' to base url 'None'.</msg>
<status status="PASS" starttime="20220511 14:36:28.183" endtime="20220511 14:36:29.444"/>
</kw>
<kw name="Maximize Browser Window" library="SeleniumLibrary">
<doc>Maximizes current browser window.</doc>
<status status="PASS" starttime="20220511 14:36:29.444" endtime="20220511 14:36:29.588"/>
</kw>
<kw name="Set Selenium Implicit Wait" library="SeleniumLibrary">
<arg>30s</arg>
<doc>Sets the implicit wait value used by Selenium.</doc>
<status status="PASS" starttime="20220511 14:36:29.591" endtime="20220511 14:36:29.593"/>
</kw>
<kw name="Set Screenshot Directory" library="SeleniumLibrary">
<arg>${EXECDIR}${/}screenshot</arg>
<doc>Sets the directory for captured screenshots.</doc>
<status status="PASS" starttime="20220511 14:36:29.593" endtime="20220511 14:36:29.593"/>
</kw>
<kw name="Go To" library="SeleniumLibrary">
<arg>url=${URL}</arg>
<doc>Navigates the current browser window to the provided ``url``.</doc>
<msg timestamp="20220511 14:36:29.593" level="INFO">Opening url 'https://www.amazon.in/'</msg>
<status status="PASS" starttime="20220511 14:36:29.593" endtime="20220511 14:37:25.396"/>
</kw>
<kw name="Click Element" library="SeleniumLibrary">
<arg>//span[text()='Hello, Sign in']</arg>
<doc>Click the element identified by ``locator``.</doc>
<msg timestamp="20220511 14:37:25.396" level="INFO">Clicking element '//span[text()='Hello, Sign in']'.</msg>
<status status="PASS" starttime="20220511 14:37:25.396" endtime="20220511 14:37:27.533"/>
</kw>
<status status="PASS" starttime="20220511 14:36:28.183" endtime="20220511 14:37:27.533"/>
</kw>
<kw name="Click Element" library="SeleniumLibrary">
<arg>xpath=//a[@id='createAccountSubmit']</arg>
<doc>Click the element identified by ``locator``.</doc>
<msg timestamp="20220511 14:37:27.533" level="INFO">Clicking element 'xpath=//a[@id='createAccountSubmit']'.</msg>
<status status="PASS" starttime="20220511 14:37:27.533" endtime="20220511 14:37:28.246"/>
</kw>
<kw name="Input Text" library="SeleniumLibrary">
<arg>xpath=//input[@id='ap_customer_name']</arg>
<arg>sakthi</arg>
<doc>Types the given ``text`` into the text field identified by ``locator``.</doc>
<msg timestamp="20220511 14:37:28.246" level="INFO">Typing text 'sakthi' into text field 'xpath=//input[@id='ap_customer_name']'.</msg>
<status status="PASS" starttime="20220511 14:37:28.246" endtime="20220511 14:37:28.319"/>
</kw>
<kw name="Input Text" library="SeleniumLibrary">
<arg>xpath=//input[@id='ap_email']</arg>
<arg>sakthivelramachandran96@gmail.com</arg>
<doc>Types the given ``text`` into the text field identified by ``locator``.</doc>
<msg timestamp="20220511 14:37:28.319" level="INFO">Typing text 'sakthivelramachandran96@gmail.com' into text field 'xpath=//input[@id='ap_email']'.</msg>
<status status="PASS" starttime="20220511 14:37:28.319" endtime="20220511 14:37:28.431"/>
</kw>
<kw name="Input Password" library="SeleniumLibrary">
<arg>xpath=//input[@id='ap_password']</arg>
<arg>password@123</arg>
<doc>Types the given password into the text field identified by ``locator``.</doc>
<msg timestamp="20220511 14:37:28.431" level="INFO">Typing password into text field 'xpath=//input[@id='ap_password']'.</msg>
<msg timestamp="20220511 14:37:28.459" level="INFO">Temporally setting log level to: NONE</msg>
<msg timestamp="20220511 14:37:28.508" level="INFO">Log level changed from NONE to INFO.</msg>
<status status="PASS" starttime="20220511 14:37:28.431" endtime="20220511 14:37:28.508"/>
</kw>
<kw name="Input Password" library="SeleniumLibrary">
<arg>xpath=//input[@id='ap_password_check']</arg>
<arg>password@123</arg>
<doc>Types the given password into the text field identified by ``locator``.</doc>
<msg timestamp="20220511 14:37:28.508" level="INFO">Typing password into text field 'xpath=//input[@id='ap_password_check']'.</msg>
<msg timestamp="20220511 14:37:58.801" level="INFO" html="true">&lt;/td&gt;&lt;/tr&gt;&lt;tr&gt;&lt;td colspan="3"&gt;&lt;a href="screenshot/selenium-screenshot-17.png"&gt;&lt;img src="screenshot/selenium-screenshot-17.png" width="800px"&gt;&lt;/a&gt;</msg>
<msg timestamp="20220511 14:37:58.801" level="FAIL">Element with locator 'xpath=//input[@id='ap_password_check']' not found.</msg>
<status status="FAIL" starttime="20220511 14:37:28.508" endtime="20220511 14:37:58.815"/>
</kw>
<kw name="Click Element" library="SeleniumLibrary">
<arg>id=continue</arg>
<doc>Click the element identified by ``locator``.</doc>
<status status="NOT RUN" starttime="20220511 14:37:58.815" endtime="20220511 14:37:58.815"/>
</kw>
<kw name="Close Browser" library="SeleniumLibrary" type="TEARDOWN">
<doc>Closes the current browser.</doc>
<status status="PASS" starttime="20220511 14:37:58.815" endtime="20220511 14:38:01.058"/>
</kw>
<status status="FAIL" starttime="20220511 14:36:28.183" endtime="20220511 14:38:01.058">Element with locator 'xpath=//input[@id='ap_password_check']' not found.</status>
</test>
<doc>this suite will handle valid credential</doc>
<status status="FAIL" starttime="20220511 14:36:27.841" endtime="20220511 14:38:01.058"/>
</suite>
<statistics>
<total>
<stat pass="0" fail="1" skip="0">All Tests</stat>
</total>
<tag>
</tag>
<suite>
<stat pass="0" fail="1" skip="0" id="s1" name="Verify Valid Register Suite">Verify Valid Register Suite</stat>
</suite>
</statistics>
<errors>
</errors>
</robot>
